    ======  ======
    Time:01/05/2018  9:21:34 AM
    Title: Initiate log
    Message: 
    Time:01/05/2018  9:21:34 AM
    Title: Initiate InternalManager
    Message: Trying to Validate License
    Time:01/05/2018  9:21:34 AM
    Title: Requesting EVT
    Message: EVTP
    Time:01/05/2018  9:21:34 AM
    Title: Requesting Validation
    Message: ILMValidate
    Time:01/05/2018  9:21:34 AM
    Title: LICENSER
    Message: TRL MODE
    Time:01/05/2018  9:21:34 AM
    Title: LICENSER
    Message: DS LEFT29
    Time:01/05/2018  9:21:34 AM
    Title: LICENSER
    Message: DT MARK PASSED29.00:00:00
    Time:01/05/2018  9:21:36 AM
    Title: Access to the path 'C:\ProgramData\Telerik\Hash.lic' is denied.
    Message:    at System.IO.__Error.WinIOError(Int32 errorCode, String maybeFullPath)
   at System.IO.FileStream.Init(String path, FileMode mode, FileAccess access, Int32 rights, Boolean useRights, FileShare share, Int32 bufferSize, FileOptions options, SECURITY_ATTRIBUTES secAttrs, String msgPath, Boolean bFromProxy, Boolean useLongPath, Boolean checkHost)
   at System.IO.FileStream..ctor(String path, FileMode mode, FileAccess access, FileShare share)
   at Telerik.Licensing.Licenser.ReadHashPass()
    Entering constructor for: Infragistics.VSExtension.Infragistics_VSExtensionPackage
    Entering Initialize() of: Infragistics.VSExtension.Infragistics_VSExtensionPackage
    Entering constructor for: Infragistics.VersionUtility.VisualStudio.VersionUtilityPackage
    Entering Initialize() of: Infragistics.VersionUtility.VisualStudio.VersionUtilityPackage
    Feature 'Xamarin Test Cloud Integration' is enabled for the current VSIX Xamarin.VisualStudio (4.2.63)
    Entering constructor for: Microsoft.PythonTools.PythonToolsPackage
    Entering Initialize() of: Microsoft.PythonTools.PythonToolsPackage
    Entered completion command handler for typechar.
    no completion session yet and this is a trigger char, starting model computation.
    Entered completion command handler for typechar.
    we have a completion session.
    Entered completion command handler for typechar.
    we have a completion session.
    Entered completion command handler for typechar.
    we have a completion session.
    Entered completion command handler for typechar.
    we have a completion session.
    committing the session...
    the char commit/dismiss -ed a session and is trigerring completion again. starting model computation.
    Entered completion command handler for typechar.
    no completion session yet and this is a trigger char, starting model computation.
    Entered completion command handler for typechar.
    no completion session yet and this is NOT a trigger char, we won't have completion.
    Entered completion command handler for typechar.
    no completion session yet and this is NOT a trigger char, we won't have completion.
    Entered completion command handler for typechar.
    no completion session yet and this is NOT a trigger char, we won't have completion.
    Entered completion command handler for typechar.
    no completion session yet and this is NOT a trigger char, we won't have completion.
    Entered completion command handler for typechar.
    no completion session yet and this is NOT a trigger char, we won't have completion.
    Entered completion command handler for typechar.
    no completion session yet and this is NOT a trigger char, we won't have completion.
    Entered completion command handler for typechar.
    no completion session yet and this is NOT a trigger char, we won't have completion.
    Entered completion command handler for typechar.
    no completion session yet and this is NOT a trigger char, we won't have completion.
    Entered completion command handler for typechar.
    no completion session yet and this is a trigger char, starting model computation.
    Entered completion command handler for typechar.
    we have a completion session.
    Entered completion command handler for typechar.
    we have a completion session.
    Entered completion command handler for typechar.
    we have a completion session.
    Entered completion command handler for typechar.
    no completion session yet and this is a trigger char, starting model computation.
    Entered completion command handler for typechar.
    we have a completion session.
    computing completion again and filtering...
    Entered completion command handler for typechar.
    we have a completion session.
    Entered completion command handler for typechar.
    no completion session yet and this is a trigger char, starting model computation.
    Entered completion command handler for typechar.
    no completion session yet and this is a trigger char, starting model computation.
    Entered completion command handler for typechar.
    we have a completion session.
    dismissing the session...
    Entered completion command handler for typechar.
    no completion session yet and this is NOT a trigger char, we won't have completion.
    Entered completion command handler for typechar.
    no completion session yet and this is a trigger char, starting model computation.
    Entered completion command handler for typechar.
    we have a completion session.
    committing the session...
    the char commit/dismiss -ed a session and is trigerring completion again. starting model computation.
    Entered completion command handler for typechar.
    we have a completion session.
    computing completion again and filtering...
    Entered completion command handler for typechar.
    we have a completion session.
    Entered completion command handler for typechar.
    we have a completion session.
    Entered completion command handler for typechar.
    no completion session yet and this is a trigger char, starting model computation.
    Entered completion command handler for typechar.
    no completion session yet and this is NOT a trigger char, we won't have completion.
    Entered completion command handler for typechar.
    no completion session yet and this is NOT a trigger char, we won't have completion.
    Entered completion command handler for typechar.
    no completion session yet and this is a trigger char, starting model computation.
    Entered completion command handler for typechar.
    no completion session yet and this is a trigger char, starting model computation.
    Entered completion command handler for typechar.
    we have a completion session.
    committing the session...
    the char commit/dismiss -ed a session and is trigerring completion again. starting model computation.
    Entered completion command handler for typechar.
    we have a completion session.
    computing completion again and filtering...
    Entered completion command handler for typechar.
    we have a completion session.
    Entered completion command handler for typechar.
    we have a completion session.
    Entered completion command handler for typechar.
    we have a completion session.
    Entered completion command handler for typechar.
    we have a completion session.
    Entered completion command handler for typechar.
    we have a completion session.
    Entered completion command handler for typechar.
    no completion session yet and this is a trigger char, starting model computation.
    Entered completion command handler for typechar.
    no completion session yet and this is NOT a trigger char, we won't have completion.
    Entered completion command handler for typechar.
    no completion session yet and this is NOT a trigger char, we won't have completion.
    Entered completion command handler for typechar.
    no completion session yet and this is a trigger char, starting model computation.
    Entered completion command handler for typechar.
    no completion session yet and this is a trigger char, starting model computation.
    Entered completion command handler for typechar.
    no completion session yet and this is NOT a trigger char, we won't have completion.
    Entered completion command handler for typechar.
    no completion session yet and this is NOT a trigger char, we won't have completion.
    Entered completion command handler for typechar.
    no completion session yet and this is NOT a trigger char, we won't have completion.
    Entered completion command handler for typechar.
    no completion session yet and this is NOT a trigger char, we won't have completion.
    Entered completion command handler for typechar.
    no completion session yet and this is a trigger char, starting model computation.
    Entered completion command handler for typechar.
    no completion session yet and this is NOT a trigger char, we won't have completion.
    Entered completion command handler for typechar.
    no completion session yet and this is NOT a trigger char, we won't have completion.
    Entered completion command handler for typechar.
    no completion session yet and this is a trigger char, starting model computation.
    Entered completion command handler for typechar.
    we have a completion session.
    Entered completion command handler for typechar.
    we have a completion session.
    Entered completion command handler for typechar.
    we have a completion session.
    Entered completion command handler for typechar.
    no completion session yet and this is a trigger char, starting model computation.
    Entered completion command handler for typechar.
    we have a completion session.
    computing completion again and filtering...
    Entered completion command handler for typechar.
    we have a completion session.
    Entered completion command handler for typechar.
    we have a completion session.
    Entered completion command handler for typechar.
    we have a completion session.
    Entered completion command handler for typechar.
    no completion session yet and this is NOT a trigger char, we won't have completion.
    Entered completion command handler for typechar.
    no completion session yet and this is a trigger char, starting model computation.
    Entered completion command handler for typechar.
    no completion session yet and this is a trigger char, starting model computation.
    Entered completion command handler for typechar.
    no completion session yet and this is NOT a trigger char, we won't have completion.
    Entered completion command handler for typechar.
    no completion session yet and this is a trigger char, starting model computation.
    Entered completion command handler for typechar.
    we have a completion session.
    Entered completion command handler for typechar.
    we have a completion session.
    Entered completion command handler for typechar.
    we have a completion session.
    Entered completion command handler for typechar.
    no completion session yet and this is a trigger char, starting model computation.
    Entered completion command handler for typechar.
    we have a completion session.
    computing completion again and filtering...
    Entered completion command handler for typechar.
    we have a completion session.
    Entered completion command handler for typechar.
    no completion session yet and this is NOT a trigger char, we won't have completion.
    Entered completion command handler for typechar.
    no completion session yet and this is a trigger char, starting model computation.
    Entered completion command handler for typechar.
    no completion session yet and this is a trigger char, starting model computation.
    Entered completion command handler for typechar.
    no completion session yet and this is a trigger char, starting model computation.
    Entered completion command handler for typechar.
    no completion session yet and this is NOT a trigger char, we won't have completion.
    Entered completion command handler for typechar.
    no completion session yet and this is a trigger char, starting model computation.
    Entered completion command handler for typechar.
    we have a completion session.
    committing the session...
    the char commit/dismiss -ed a session and is trigerring completion again. starting model computation.
    Entered completion command handler for typechar.
    we have a completion session.
    computing completion again and filtering...
    Entered completion command handler for typechar.
    we have a completion session.
    Entered completion command handler for typechar.
    we have a completion session.
    computing completion again and filtering...
    Entered completion command handler for typechar.
    we have a completion session.
    Entered completion command handler for typechar.
    no completion session yet and this is a trigger char, starting model computation.
    Entered completion command handler for typechar.
    no completion session yet and this is NOT a trigger char, we won't have completion.
    Entered completion command handler for typechar.
    no completion session yet and this is NOT a trigger char, we won't have completion.
    Entered completion command handler for typechar.
    no completion session yet and this is a trigger char, starting model computation.
    Entered completion command handler for typechar.
    no completion session yet and this is a trigger char, starting model computation.
    Entered completion command handler for typechar.
    we have a completion session.
    Entered completion command handler for typechar.
    we have a completion session.
    Entered completion command handler for typechar.
    we have a completion session.
    Entered completion command handler for typechar.
    no completion session yet and this is a trigger char, starting model computation.
    Entered completion command handler for typechar.
    we have a completion session.
    computing completion again and filtering...
    Entered completion command handler for typechar.
    no completion session yet and this is NOT a trigger char, we won't have completion.
    Entered completion command handler for typechar.
    no completion session yet and this is NOT a trigger char, we won't have completion.
    Entered completion command handler for typechar.
    no completion session yet and this is a trigger char, starting model computation.
    Entered completion command handler for typechar.
    no completion session yet and this is a trigger char, starting model computation.
    Entered completion command handler for typechar.
    no completion session yet and this is NOT a trigger char, we won't have completion.
    Entered completion command handler for typechar.
    no completion session yet and this is a trigger char, starting model computation.
    Entered completion command handler for typechar.
    we have a completion session.
    Entered completion command handler for typechar.
    we have a completion session.
    committing the session...
    the char commit/dismiss -ed a session and is trigerring completion again. starting model computation.
    Entered completion command handler for typechar.
    no completion session yet and this is a trigger char, starting model computation.
    Entered completion command handler for typechar.
    we have a completion session.
    Entered completion command handler for typechar.
    we have a completion session.
    Entered completion command handler for typechar.
    typechar was handled by someone else, cannot have a completion session.
    Entered completion command handler for typechar.
    no completion session yet and this is a trigger char, starting model computation.
    Entered completion command handler for typechar.
    we have a completion session.
    Entered completion command handler for typechar.
    typechar was handled by someone else, cannot have a completion session.
    Entered completion command handler for typechar.
    no completion session yet and this is a trigger char, starting model computation.
    Entered completion command handler for typechar.
    we have a completion session.
    Entered completion command handler for typechar.
    we have a completion session.
    Entered completion command handler for typechar.
    we have a completion session.
    Entered completion command handler for typechar.
    we have a completion session.
    Entered completion command handler for typechar.
    no completion session yet and this is a trigger char, starting model computation.
    Entered completion command handler for typechar.
    we have a completion session.
    computing completion again and filtering...
    Entered completion command handler for typechar.
    we have a completion session.
    Entered completion command handler for typechar.
    no completion session yet and this is a trigger char, starting model computation.
    Entered completion command handler for typechar.
    no completion session yet and this is a trigger char, starting model computation.
    Entered completion command handler for typechar.
    we have a completion session.
    Entered completion command handler for typechar.
    no completion session yet and this is NOT a trigger char, we won't have completion.
    Entered completion command handler for typechar.
    no completion session yet and this is a trigger char, starting model computation.
    Entered completion command handler for typechar.
    we have a completion session.
    Entered completion command handler for typechar.
    we have a completion session.
    Entered completion command handler for typechar.
    no completion session yet and this is a trigger char, starting model computation.
    Entered completion command handler for typechar.
    we have a completion session.
    Entered completion command handler for typechar.
    we have a completion session.
    Entered completion command handler for typechar.
    we have a completion session.
    Entered completion command handler for typechar.
    we have a completion session.
    Entered completion command handler for typechar.
    no completion session yet and this is a trigger char, starting model computation.
    Entered completion command handler for typechar.
    no completion session yet and this is a trigger char, starting model computation.
    Entered completion command handler for typechar.
    no completion session yet and this is NOT a trigger char, we won't have completion.
    Entered completion command handler for typechar.
    no completion session yet and this is NOT a trigger char, we won't have completion.
    Entered completion command handler for typechar.
    no completion session yet and this is NOT a trigger char, we won't have completion.
    Entered completion command handler for typechar.
    no completion session yet and this is NOT a trigger char, we won't have completion.
    Entered completion command handler for typechar.
    no completion session yet and this is NOT a trigger char, we won't have completion.
    Entered completion command handler for typechar.
    no completion session yet and this is NOT a trigger char, we won't have completion.
    Entered completion command handler for typechar.
    no completion session yet and this is NOT a trigger char, we won't have completion.
    Entered completion command handler for typechar.
    no completion session yet and this is NOT a trigger char, we won't have completion.
    Entered completion command handler for typechar.
    no completion session yet and this is NOT a trigger char, we won't have completion.
    Entered completion command handler for typechar.
    no completion session yet and this is NOT a trigger char, we won't have completion.
    Entered completion command handler for typechar.
    no completion session yet and this is NOT a trigger char, we won't have completion.
    Entered completion command handler for typechar.
    no completion session yet and this is NOT a trigger char, we won't have completion.
    Entered completion command handler for typechar.
    no completion session yet and this is NOT a trigger char, we won't have completion.
    Entered completion command handler for typechar.
    no completion session yet and this is NOT a trigger char, we won't have completion.
    Entered completion command handler for typechar.
    no completion session yet and this is NOT a trigger char, we won't have completion.
    Entered completion command handler for typechar.
    no completion session yet and this is NOT a trigger char, we won't have completion.
    Entered completion command handler for typechar.
    no completion session yet and this is NOT a trigger char, we won't have completion.
    Entered completion command handler for typechar.
    no completion session yet and this is NOT a trigger char, we won't have completion.
    Entered completion command handler for typechar.
    no completion session yet and this is a trigger char, starting model computation.
    Entered completion command handler for typechar.
    we have a completion session.
    Entered completion command handler for typechar.
    no completion session yet and this is a trigger char, starting model computation.
    Entered completion command handler for typechar.
    no completion session yet and this is NOT a trigger char, we won't have completion.
    Entered completion command handler for typechar.
    no completion session yet and this is a trigger char, starting model computation.
    Entered completion command handler for typechar.
    we have a completion session.
    computing completion again and filtering...
    Entered completion command handler for typechar.
    we have a completion session.
    Entered completion command handler for typechar.
    no completion session yet and this is a trigger char, starting model computation.
    Entered completion command handler for typechar.
    no completion session yet and this is NOT a trigger char, we won't have completion.
    Entered completion command handler for typechar.
    no completion session yet and this is NOT a trigger char, we won't have completion.
    Entered completion command handler for typechar.
    no completion session yet and this is a trigger char, starting model computation.
    Entered completion command handler for typechar.
    no completion session yet and this is a trigger char, starting model computation.
    Entered completion command handler for typechar.
    we have a completion session.
    Entered completion command handler for typechar.
    we have a completion session.
    committing the session...
    the char commit/dismiss -ed a session and is trigerring completion again. starting model computation.
    Entered completion command handler for typechar.
    no completion session yet and this is a trigger char, starting model computation.
    Entered completion command handler for typechar.
    we have a completion session.
    Entered completion command handler for typechar.
    we have a completion session.
    Entered completion command handler for typechar.
    we have a completion session.
    Entered completion command handler for typechar.
    no completion session yet and this is a trigger char, starting model computation.
    Entered completion command handler for typechar.
    we have a completion session.
    computing completion again and filtering...
    Entered completion command handler for typechar.
    we have a completion session.
    Entered completion command handler for typechar.
    we have a completion session.
    Entered completion command handler for typechar.
    no completion session yet and this is NOT a trigger char, we won't have completion.
    Entered completion command handler for typechar.
    no completion session yet and this is NOT a trigger char, we won't have completion.
    Entered completion command handler for typechar.
    typechar was handled by someone else, cannot have a completion session.
    Entered completion command handler for typechar.
    no completion session yet and this is a trigger char, starting model computation.
    Entered completion command handler for typechar.
    we have a completion session.
    Entered completion command handler for typechar.
    no completion session yet and this is a trigger char, starting model computation.
    Entered completion command handler for typechar.
    we have a completion session.
    Entered completion command handler for typechar.
    we have a completion session.
    committing the session...
    the char commit/dismiss -ed a session and is trigerring completion again. starting model computation.
    Entered completion command handler for typechar.
    no completion session yet and this is a trigger char, starting model computation.
    Entered completion command handler for typechar.
    we have a completion session.
    Entered completion command handler for typechar.
    we have a completion session.
    Entered completion command handler for typechar.
    no completion session yet and this is NOT a trigger char, we won't have completion.
    Entered completion command handler for typechar.
    no completion session yet and this is NOT a trigger char, we won't have completion.
    Entered completion command handler for typechar.
    no completion session yet and this is NOT a trigger char, we won't have completion.
    Entered completion command handler for typechar.
    typechar was handled by someone else, cannot have a completion session.
    Entered completion command handler for typechar.
    no completion session yet and this is NOT a trigger char, we won't have completion.
    Entered completion command handler for typechar.
    no completion session yet and this is a trigger char, starting model computation.
    Entered completion command handler for typechar.
    we have a completion session.
    Entered completion command handler for typechar.
    we have a completion session.
    Entered completion command handler for typechar.
    we have a completion session.
    Entered completion command handler for typechar.
    no completion session yet and this is a trigger char, starting model computation.
    Entered completion command handler for typechar.
    no completion session yet and this is a trigger char, starting model computation.
    Entered completion command handler for typechar.
    we have a completion session.
    Entered completion command handler for typechar.
    we have a completion session.
    Entered completion command handler for typechar.
    we have a completion session.
    committing the session...
    the char commit/dismiss -ed a session and is trigerring completion again. starting model computation.
    Entered completion command handler for typechar.
    no completion session yet and this is a trigger char, starting model computation.
    Entered completion command handler for typechar.
    no completion session yet and this is NOT a trigger char, we won't have completion.
    Entered completion command handler for typechar.
    no completion session yet and this is NOT a trigger char, we won't have completion.
    Entered completion command handler for typechar.
    no completion session yet and this is NOT a trigger char, we won't have completion.
    Entered completion command handler for typechar.
    no completion session yet and this is a trigger char, starting model computation.
    Entered completion command handler for typechar.
    no completion session yet and this is a trigger char, starting model computation.
    Entered completion command handler for typechar.
    no completion session yet and this is NOT a trigger char, we won't have completion.
    Entered completion command handler for typechar.
    no completion session yet and this is NOT a trigger char, we won't have completion.
    Entered completion command handler for typechar.
    no completion session yet and this is a trigger char, starting model computation.
    Entered completion command handler for typechar.
    no completion session yet and this is a trigger char, starting model computation.
    Entered completion command handler for typechar.
    we have a completion session.
    Entered completion command handler for typechar.
    we have a completion session.
    committing the session...
    the char commit/dismiss -ed a session and is trigerring completion again. starting model computation.
    Entered completion command handler for typechar.
    no completion session yet and this is a trigger char, starting model computation.
    Entered completion command handler for typechar.
    we have a completion session.
    Entered completion command handler for typechar.
    we have a completion session.
    Entered completion command handler for typechar.
    we have a completion session.
    Entered completion command handler for typechar.
    typechar was handled by someone else, cannot have a completion session.
    Entered completion command handler for typechar.
    no completion session yet and this is a trigger char, starting model computation.
    Entered completion command handler for typechar.
    we have a completion session.
    Entered completion command handler for typechar.
    we have a completion session.
    committing the session...
    the char commit/dismiss -ed a session and is trigerring completion again. starting model computation.
    Entered completion command handler for typechar.
    no completion session yet and this is a trigger char, starting model computation.
    Entered completion command handler for typechar.
    we have a completion session.
    Entered completion command handler for typechar.
    we have a completion session.
    computing completion again and filtering...
    Entered completion command handler for typechar.
    we have a completion session.
    Entered completion command handler for typechar.
    we have a completion session.
    Entered completion command handler for typechar.
    we have a completion session.
    committing the session...
    the char commit/dismiss -ed a session and is trigerring completion again. starting model computation.
    Entered completion command handler for typechar.
    we have a completion session.
    computing completion again and filtering...
    Entered completion command handler for typechar.
    no completion session yet and this is a trigger char, starting model computation.
    Entered completion command handler for typechar.
    no completion session yet and this is a trigger char, starting model computation.
    Entered completion command handler for typechar.
    we have a completion session.
    Entered completion command handler for typechar.
    typechar was handled by someone else, cannot have a completion session.
    Entered completion command handler for typechar.
    no completion session yet and this is a trigger char, starting model computation.
    Entered completion command handler for typechar.
    we have a completion session.
    Entered completion command handler for typechar.
    we have a completion session.
    Entered completion command handler for typechar.
    no completion session yet and this is NOT a trigger char, we won't have completion.
    Entered completion command handler for typechar.
    no completion session yet and this is a trigger char, starting model computation.
    Entered completion command handler for typechar.
    we have a completion session.
    computing completion again and filtering...
    Entered completion command handler for typechar.
    we have a completion session.
    Entered completion command handler for typechar.
    we have a completion session.
    Entered completion command handler for typechar.
    no completion session yet and this is a trigger char, starting model computation.
    Entered completion command handler for typechar.
    no completion session yet and this is NOT a trigger char, we won't have completion.
    Entered completion command handler for typechar.
    no completion session yet and this is a trigger char, starting model computation.
    Entered completion command handler for typechar.
    we have a completion session.
    Entered completion command handler for typechar.
    we have a completion session.
    Entered completion command handler for typechar.
    we have a completion session.
    Entered completion command handler for typechar.
    no completion session yet and this is a trigger char, starting model computation.
    Entered completion command handler for typechar.
    we have a completion session.
    computing completion again and filtering...
    Entered completion command handler for typechar.
    we have a completion session.
    Entered completion command handler for typechar.
    we have a completion session.
    Entered completion command handler for typechar.
    we have a completion session.
    computing completion again and filtering...
    Entered completion command handler for typechar.
    we have a completion session.
    Entered completion command handler for typechar.
    we have a completion session.
    Entered completion command handler for typechar.
    we have a completion session.
    Entered completion command handler for typechar.
    no completion session yet and this is NOT a trigger char, we won't have completion.
    Entered completion command handler for typechar.
    no completion session yet and this is NOT a trigger char, we won't have completion.
    Entered completion command handler for typechar.
    no completion session yet and this is a trigger char, starting model computation.
    Entered completion command handler for typechar.
    we have a completion session.
    Entered completion command handler for typechar.
    we have a completion session.
    Entered completion command handler for typechar.
    we have a completion session.
    Entered completion command handler for typechar.
    no completion session yet and this is NOT a trigger char, we won't have completion.
    Entered completion command handler for typechar.
    no completion session yet and this is NOT a trigger char, we won't have completion.
    Entered completion command handler for typechar.
    no completion session yet and this is NOT a trigger char, we won't have completion.
    Entered completion command handler for typechar.
    no completion session yet and this is NOT a trigger char, we won't have completion.
    Entered completion command handler for typechar.
    no completion session yet and this is NOT a trigger char, we won't have completion.
    Entered completion command handler for typechar.
    no completion session yet and this is NOT a trigger char, we won't have completion.
    Entered completion command handler for typechar.
    no completion session yet and this is a trigger char, starting model computation.
    Entered completion command handler for typechar.
    we have a completion session.
    Entered completion command handler for typechar.
    we have a completion session.
    Entered completion command handler for typechar.
    we have a completion session.
    Entered completion command handler for typechar.
    no completion session yet and this is a trigger char, starting model computation.
    Entered completion command handler for typechar.
    no completion session yet and this is a trigger char, starting model computation.
    Entered completion command handler for typechar.
    we have a completion session.
    Entered completion command handler for typechar.
    no completion session yet and this is a trigger char, starting model computation.
    Entered completion command handler for typechar.
    we have a completion session.
    computing completion again and filtering...
    Entered completion command handler for typechar.
    we have a completion session.
    Entered completion command handler for typechar.
    we have a completion session.
    Entered completion command handler for typechar.
    no completion session yet and this is a trigger char, starting model computation.
    Entered completion command handler for typechar.
    no completion session yet and this is a trigger char, starting model computation.
    Entered completion command handler for typechar.
    no completion session yet and this is NOT a trigger char, we won't have completion.
    Entered completion command handler for typechar.
    no completion session yet and this is a trigger char, starting model computation.
    Entered completion command handler for typechar.
    we have a completion session.
    Entered completion command handler for typechar.
    we have a completion session.
    Entered completion command handler for typechar.
    we have a completion session.
    Entered completion command handler for typechar.
    no completion session yet and this is a trigger char, starting model computation.
    Entered completion command handler for typechar.
    no completion session yet and this is a trigger char, starting model computation.
    Entered completion command handler for typechar.
    we have a completion session.
    Entered completion command handler for typechar.
    no completion session yet and this is a trigger char, starting model computation.
    Entered completion command handler for typechar.
    we have a completion session.
    computing completion again and filtering...
    Entered completion command handler for typechar.
    we have a completion session.
    Entered completion command handler for typechar.
    we have a completion session.
    Entered completion command handler for typechar.
    we have a completion session.
    Entered completion command handler for typechar.
    we have a completion session.
    computing completion again and filtering...
    Entered completion command handler for typechar.
    no completion session yet and this is a trigger char, starting model computation.
    Entered completion command handler for typechar.
    no completion session yet and this is a trigger char, starting model computation.
    Entered completion command handler for typechar.
    we have a completion session.
    dismissing the session...
    Entered completion command handler for typechar.
    no completion session yet and this is NOT a trigger char, we won't have completion.
    Entered completion command handler for typechar.
    no completion session yet and this is a trigger char, starting model computation.
    Entered completion command handler for typechar.
    we have a completion session.
    committing the session...
    the char commit/dismiss -ed a session and is trigerring completion again. starting model computation.
    Entered completion command handler for typechar.
    no completion session yet and this is NOT a trigger char, we won't have completion.
    Entered completion command handler for typechar.
    no completion session yet and this is NOT a trigger char, we won't have completion.
    Entered completion command handler for typechar.
    no completion session yet and this is a trigger char, starting model computation.
    Entered completion command handler for typechar.
    we have a completion session.
    Entered completion command handler for typechar.
    no completion session yet and this is NOT a trigger char, we won't have completion.
    Entered completion command handler for typechar.
    no completion session yet and this is NOT a trigger char, we won't have completion.
    Entered completion command handler for typechar.
    no completion session yet and this is a trigger char, starting model computation.
    Entered completion command handler for typechar.
    we have a completion session.
    Entered completion command handler for typechar.
    we have a completion session.
    Entered completion command handler for typechar.
    we have a completion session.
    Entered completion command handler for typechar.
    we have a completion session.
    committing the session...
    the char commit/dismiss -ed a session and is trigerring completion again. starting model computation.
    Entered completion command handler for typechar.
    no completion session yet and this is a trigger char, starting model computation.
    Entered completion command handler for typechar.
    we have a completion session.
    Entered completion command handler for typechar.
    we have a completion session.
    Entered completion command handler for typechar.
    we have a completion session.
    Entered completion command handler for typechar.
    no completion session yet and this is a trigger char, starting model computation.
    Entered completion command handler for typechar.
    no completion session yet and this is a trigger char, starting model computation.
    Entered completion command handler for typechar.
    no completion session yet and this is a trigger char, starting model computation.
    Entered completion command handler for typechar.
    no completion session yet and this is NOT a trigger char, we won't have completion.
    Entered completion command handler for typechar.
    no completion session yet and this is NOT a trigger char, we won't have completion.
    Entered completion command handler for typechar.
    no completion session yet and this is NOT a trigger char, we won't have completion.
    Entered completion command handler for typechar.
    no completion session yet and this is NOT a trigger char, we won't have completion.
    Entered completion command handler for typechar.
    no completion session yet and this is NOT a trigger char, we won't have completion.
    Entered completion command handler for typechar.
    no completion session yet and this is NOT a trigger char, we won't have completion.
    Entered completion command handler for typechar.
    no completion session yet and this is NOT a trigger char, we won't have completion.
    Entered completion command handler for typechar.
    no completion session yet and this is NOT a trigger char, we won't have completion.
    Entered completion command handler for typechar.
    no completion session yet and this is NOT a trigger char, we won't have completion.
    Entered completion command handler for typechar.
    no completion session yet and this is NOT a trigger char, we won't have completion.
    Entered completion command handler for typechar.
    no completion session yet and this is NOT a trigger char, we won't have completion.
    Entered completion command handler for typechar.
    no completion session yet and this is NOT a trigger char, we won't have completion.
    Entered completion command handler for typechar.
    no completion session yet and this is a trigger char, starting model computation.
    Entered completion command handler for typechar.
    we have a completion session.
    Entered completion command handler for typechar.
    we have a completion session.
    Entered completion command handler for typechar.
    we have a completion session.
    Entered completion command handler for typechar.
    we have a completion session.
    committing the session...
    the char commit/dismiss -ed a session and is trigerring completion again. starting model computation.
    Entered completion command handler for typechar.
    we have a completion session.
    computing completion again and filtering...
    Entered completion command handler for typechar.
    we have a completion session.
    computing completion again and filtering...
    Entered completion command handler for typechar.
    we have a completion session.
    Entered completion command handler for typechar.
    we have a completion session.
    Entered completion command handler for typechar.
    we have a completion session.
    computing completion again and filtering...
    Entered completion command handler for typechar.
    we have a completion session.
    Entered completion command handler for typechar.
    no completion session yet and this is a trigger char, starting model computation.
    Entered completion command handler for typechar.
    we have a completion session.
    computing completion again and filtering...
    Entered completion command handler for typechar.
    we have a completion session.
    Entered completion command handler for typechar.
    no completion session yet and this is a trigger char, starting model computation.
    Entered completion command handler for typechar.
    no completion session yet and this is NOT a trigger char, we won't have completion.
    Entered completion command handler for typechar.
    no completion session yet and this is NOT a trigger char, we won't have completion.
    Entered completion command handler for typechar.
    no completion session yet and this is a trigger char, starting model computation.
    Entered completion command handler for typechar.
    we have a completion session.
    computing completion again and filtering...
    Entered completion command handler for typechar.
    we have a completion session.
    Entered completion command handler for typechar.
    no completion session yet and this is a trigger char, starting model computation.
    Entered completion command handler for typechar.
    no completion session yet and this is a trigger char, starting model computation.
    Entered completion command handler for typechar.
    we have a completion session.
    Entered completion command handler for typechar.
    we have a completion session.
    Entered completion command handler for typechar.
    we have a completion session.
    Entered completion command handler for typechar.
    no completion session yet and this is a trigger char, starting model computation.
    Entered completion command handler for typechar.
    no completion session yet and this is a trigger char, starting model computation.
    Entered completion command handler for typechar.
    no completion session yet and this is NOT a trigger char, we won't have completion.
    Entered completion command handler for typechar.
    no completion session yet and this is NOT a trigger char, we won't have completion.
    Entered completion command handler for typechar.
    no completion session yet and this is NOT a trigger char, we won't have completion.
    Entered completion command handler for typechar.
    no completion session yet and this is NOT a trigger char, we won't have completion.
    Entered completion command handler for typechar.
    no completion session yet and this is NOT a trigger char, we won't have completion.
    Entered completion command handler for typechar.
    no completion session yet and this is NOT a trigger char, we won't have completion.
    Entered completion command handler for typechar.
    no completion session yet and this is NOT a trigger char, we won't have completion.
    Entered completion command handler for typechar.
    no completion session yet and this is NOT a trigger char, we won't have completion.
    Entered completion command handler for typechar.
    no completion session yet and this is NOT a trigger char, we won't have completion.
    Entered completion command handler for typechar.
    no completion session yet and this is NOT a trigger char, we won't have completion.
    Entered completion command handler for typechar.
    no completion session yet and this is a trigger char, starting model computation.
    Entered completion command handler for typechar.
    we have a completion session.
    Entered completion command handler for typechar.
    we have a completion session.
    Entered completion command handler for typechar.
    we have a completion session.
    Entered completion command handler for typechar.
    no completion session yet and this is a trigger char, starting model computation.
    Entered completion command handler for typechar.
    we have a completion session.
    computing completion again and filtering...
    Entered completion command handler for typechar.
    we have a completion session.
    Entered completion command handler for typechar.
    no completion session yet and this is a trigger char, starting model computation.
    Entered completion command handler for typechar.
    no completion session yet and this is NOT a trigger char, we won't have completion.
    Entered completion command handler for typechar.
    no completion session yet and this is NOT a trigger char, we won't have completion.
    Entered completion command handler for typechar.
    no completion session yet and this is a trigger char, starting model computation.
    Entered completion command handler for typechar.
    we have a completion session.
    Entered completion command handler for typechar.
    we have a completion session.
    Entered completion command handler for typechar.
    we have a completion session.
    Entered completion command handler for typechar.
    no completion session yet and this is NOT a trigger char, we won't have completion.
    Entered completion command handler for typechar.
    no completion session yet and this is a trigger char, starting model computation.
    Entered completion command handler for typechar.
    we have a completion session.
    Entered completion command handler for typechar.
    we have a completion session.
    Entered completion command handler for typechar.
    we have a completion session.
    committing the session...
    Entered completion command handler for typechar.
    no completion session yet and this is a trigger char, starting model computation.
    Entered completion command handler for typechar.
    no completion session yet and this is a trigger char, starting model computation.
    Entered completion command handler for typechar.
    we have a completion session.
    computing completion again and filtering...
    Entered completion command handler for typechar.
    we have a completion session.
    Entered completion command handler for typechar.
    no completion session yet and this is a trigger char, starting model computation.
    Entered completion command handler for typechar.
    no completion session yet and this is a trigger char, starting model computation.
    Entered completion command handler for typechar.
    we have a completion session.
    Entered completion command handler for typechar.
    we have a completion session.
    Entered completion command handler for typechar.
    no completion session yet and this is NOT a trigger char, we won't have completion.
    Entered completion command handler for typechar.
    no completion session yet and this is a trigger char, starting model computation.
    Entered completion command handler for typechar.
    we have a completion session.
    Entered completion command handler for typechar.
    no completion session yet and this is a trigger char, starting model computation.
    Entered completion command handler for typechar.
    we have a completion session.
    computing completion again and filtering...
    Entered completion command handler for typechar.
    no completion session yet and this is a trigger char, starting model computation.
    Entered completion command handler for typechar.
    no completion session yet and this is a trigger char, starting model computation.
    Entered completion command handler for typechar.
    we have a completion session.
    Entered completion command handler for typechar.
    we have a completion session.
    Entered completion command handler for typechar.
    we have a completion session.
    Entered completion command handler for typechar.
    no completion session yet and this is a trigger char, starting model computation.
    Entered completion command handler for typechar.
    no completion session yet and this is a trigger char, starting model computation.
    Entered completion command handler for typechar.
    we have a completion session.
    Entered completion command handler for typechar.
    we have a completion session.
    Entered completion command handler for typechar.
    we have a completion session.
    committing the session...
    the char commit/dismiss -ed a session and is trigerring completion again. starting model computation.
    Entered completion command handler for typechar.
    no completion session yet and this is a trigger char, starting model computation.
    Entered completion command handler for typechar.
    no completion session yet and this is NOT a trigger char, we won't have completion.
    Entered completion command handler for typechar.
    no completion session yet and this is NOT a trigger char, we won't have completion.
    Entered completion command handler for typechar.
    no completion session yet and this is NOT a trigger char, we won't have completion.
    Entered completion command handler for typechar.
    no completion session yet and this is NOT a trigger char, we won't have completion.
    Entered completion command handler for typechar.
    no completion session yet and this is NOT a trigger char, we won't have completion.
    Entered completion command handler for typechar.
    no completion session yet and this is NOT a trigger char, we won't have completion.
    Entered completion command handler for typechar.
    no completion session yet and this is a trigger char, starting model computation.
    Entered completion command handler for typechar.
    no completion session yet and this is a trigger char, starting model computation.
    Entered completion command handler for typechar.
    we have a completion session.
    Entered completion command handler for typechar.
    we have a completion session.
    committing the session...
    the char commit/dismiss -ed a session and is trigerring completion again. starting model computation.
    Entered completion command handler for typechar.
    no completion session yet and this is a trigger char, starting model computation.
    Entered completion command handler for typechar.
    we have a completion session.
    Entered completion command handler for typechar.
    we have a completion session.
    Entered completion command handler for typechar.
    we have a completion session.
    computing completion again and filtering...
    Entered completion command handler for typechar.
    we have a completion session.
    Entered completion command handler for typechar.
    we have a completion session.
    Entered completion command handler for typechar.
    we have a completion session.
    Entered completion command handler for typechar.
    typechar was handled by someone else, cannot have a completion session.
    Entered completion command handler for typechar.
    no completion session yet and this is a trigger char, starting model computation.
    Entered completion command handler for typechar.
    we have a completion session.
    Entered completion command handler for typechar.
    no completion session yet and this is a trigger char, starting model computation.
    Entered completion command handler for typechar.
    we have a completion session.
    computing completion again and filtering...
    Entered completion command handler for typechar.
    we have a completion session.
    computing completion again and filtering...
    Entered completion command handler for typechar.
    no completion session yet and this is a trigger char, starting model computation.
    Entered completion command handler for typechar.
    no completion session yet and this is a trigger char, starting model computation.
    Entered completion command handler for typechar.
    we have a completion session.
    Entered completion command handler for typechar.
    we have a completion session.
    Entered completion command handler for typechar.
    no completion session yet and this is NOT a trigger char, we won't have completion.
    Entered completion command handler for typechar.
    no completion session yet and this is a trigger char, starting model computation.
    Entered completion command handler for typechar.
    we have a completion session.
    Entered completion command handler for typechar.
    we have a completion session.
    Entered completion command handler for typechar.
    no completion session yet and this is a trigger char, starting model computation.
    Entered completion command handler for typechar.
    we have a completion session.
    Entered completion command handler for typechar.
    we have a completion session.
    Entered completion command handler for typechar.
    we have a completion session.
    Entered completion command handler for typechar.
    no completion session yet and this is a trigger char, starting model computation.
    Entered completion command handler for typechar.
    we have a completion session.
    Entered completion command handler for typechar.
    we have a completion session.
    Entered completion command handler for typechar.
    we have a completion session.
    Entered completion command handler for typechar.
    no completion session yet and this is a trigger char, starting model computation.
    Entered completion command handler for typechar.
    we have a completion session.
    Entered completion command handler for typechar.
    we have a completion session.
    committing the session...
    the char commit/dismiss -ed a session and is trigerring completion again. starting model computation.
    Entered completion command handler for typechar.
    no completion session yet and this is a trigger char, starting model computation.
    Entered completion command handler for typechar.
    we have a completion session.
    Entered completion command handler for typechar.
    we have a completion session.
    Entered completion command handler for typechar.
    we have a completion session.
    Entered completion command handler for typechar.
    no completion session yet and this is a trigger char, starting model computation.
    Entered completion command handler for typechar.
    we have a completion session.
    computing completion again and filtering...
    Entered completion command handler for typechar.
    we have a completion session.
    Entered completion command handler for typechar.
    we have a completion session.
    Entered completion command handler for typechar.
    no completion session yet and this is a trigger char, starting model computation.
    Entered completion command handler for typechar.
    no completion session yet and this is a trigger char, starting model computation.
    Entered completion command handler for typechar.
    we have a completion session.
    Entered completion command handler for typechar.
    we have a completion session.
    Entered completion command handler for typechar.
    no completion session yet and this is NOT a trigger char, we won't have completion.
    Entered completion command handler for typechar.
    no completion session yet and this is a trigger char, starting model computation.
    Entered completion command handler for typechar.
    no completion session yet and this is NOT a trigger char, we won't have completion.
    Entered completion command handler for typechar.
    typechar was handled by someone else, cannot have a completion session.
    Entered completion command handler for typechar.
    no completion session yet and this is NOT a trigger char, we won't have completion.
    Entered completion command handler for typechar.
    typechar was handled by someone else, cannot have a completion session.
    Entered completion command handler for typechar.
    no completion session yet and this is a trigger char, starting model computation.
    Entered completion command handler for typechar.
    we have a completion session.
    Entered completion command handler for typechar.
    we have a completion session.
    Entered completion command handler for typechar.
    we have a completion session.
    Entered completion command handler for typechar.
    we have a completion session.
    Entered completion command handler for typechar.
    we have a completion session.
    Entered completion command handler for typechar.
    no completion session yet and this is a trigger char, starting model computation.
    Entered completion command handler for typechar.
    no completion session yet and this is a trigger char, starting model computation.
    Entered completion command handler for typechar.
    we have a completion session.
    Entered completion command handler for typechar.
    we have a completion session.
    Entered completion command handler for typechar.
    we have a completion session.
    committing the session...
    the char commit/dismiss -ed a session and is trigerring completion again. starting model computation.
    Entered completion command handler for typechar.
    no completion session yet and this is a trigger char, starting model computation.
    Entered completion command handler for typechar.
    no completion session yet and this is NOT a trigger char, we won't have completion.
    Entered completion command handler for typechar.
    no completion session yet and this is NOT a trigger char, we won't have completion.
    Entered completion command handler for typechar.
    no completion session yet and this is a trigger char, starting model computation.
    Entered completion command handler for typechar.
    no completion session yet and this is a trigger char, starting model computation.
    Entered completion command handler for typechar.
    no completion session yet and this is NOT a trigger char, we won't have completion.
    Entered completion command handler for typechar.
    no completion session yet and this is NOT a trigger char, we won't have completion.
    Entered completion command handler for typechar.
    no completion session yet and this is NOT a trigger char, we won't have completion.
    Entered completion command handler for typechar.
    no completion session yet and this is a trigger char, starting model computation.
    Entered completion command handler for typechar.
    no completion session yet and this is a trigger char, starting model computation.
    Entered completion command handler for typechar.
    we have a completion session.
    Entered completion command handler for typechar.
    we have a completion session.
    committing the session...
    the char commit/dismiss -ed a session and is trigerring completion again. starting model computation.
    Entered completion command handler for typechar.
    no completion session yet and this is a trigger char, starting model computation.
    Entered completion command handler for typechar.
    we have a completion session.
    Entered completion command handler for typechar.
    we have a completion session.
    Entered completion command handler for typechar.
    we have a completion session.
    Entered completion command handler for typechar.
    typechar was handled by someone else, cannot have a completion session.
    Entered completion command handler for typechar.
    no completion session yet and this is a trigger char, starting model computation.
    Entered completion command handler for typechar.
    we have a completion session.
    Entered completion command handler for typechar.
    we have a completion session.
    Entered completion command handler for typechar.
    no completion session yet and this is a trigger char, starting model computation.
    Entered completion command handler for typechar.
    we have a completion session.
    computing completion again and filtering...
    Entered completion command handler for typechar.
    we have a completion session.
    Entered completion command handler for typechar.
    no completion session yet and this is a trigger char, starting model computation.
    Entered completion command handler for typechar.
    no completion session yet and this is a trigger char, starting model computation.
    Entered completion command handler for typechar.
    we have a completion session.
    Entered completion command handler for typechar.
    we have a completion session.
    Entered completion command handler for typechar.
    we have a completion session.
